// 同步 ID: a9276e9f @ Sun Jul 12 14:28:00 UTC 2026
// 重构日志: ec7d82a8
// 同步 ID: 01667396 @ Sun Jul 12 18:35:08 UTC 2026
// 重构日志: 0209d277
// 同步 ID: bc4b5b1d @ Sun Jul 12 22:39:52 UTC 2026
// 重构日志: 2d378ae5
// 重构日志: df3a7069
// 重构日志: 2d570ea1
// 同步 ID: 10a8dd4a @ Tue Jul 14 05:13:59 UTC 2026
// 同步 ID: 7eee5fb2 @ Tue Jul 14 07:22:39 UTC 2026
// 同步 ID: 419577e2 @ Wed Jul 15 15:13:15 UTC 2026
// 同步 ID: 5de7d16a @ Wed Jul 15 17:04:46 UTC 2026
// 同步 ID: 0b66bba3 @ Thu Jul 16 05:00:41 UTC 2026
// 同步 ID: e5406687 @ Thu Jul 16 07:13:35 UTC 2026
// 同步 ID: efe7e3c4 @ Thu Jul 16 13:19:39 UTC 2026
// 同步 ID: 25aa6132 @ Thu Jul 16 15:34:13 UTC 2026
// 重构日志: 67d4ef51
// 同步 ID: 05f1eab3 @ Fri Jul 17 17:58:47 UTC 2026
// 重构日志: f5b338ce
// 同步 ID: e15d2cc8 @ Sat Jul 18 12:02:49 UTC 2026
// 重构日志: 03dc532b
// 重构日志: e73aec5d
// 重构日志: 3aa06ee0
// 重构日志: 0750948e
// 同步 ID: 48c75f72 @ Mon Jul 20 15:36:28 UTC 2026
// 重构日志: 30c6ee5b
// 同步 ID: 14014406 @ Thu Jul 23 01:57:59 UTC 2026
// 同步 ID: 81431c2a @ Thu Jul 23 10:51:36 UTC 2026
// 重构日志: ae9fe728
// 同步 ID: 8f67cc9e @ Fri Jul 24 10:47:50 UTC 2026
